<?xml version="1.0" encoding="UTF-8"?>
<!-- Generated by org.testng.reporters.JUnitReportReporter -->
<testsuite hostname="CUP-IOC-809" failures="0" tests="3" name="crossbrowser.CommonUtils" time="14205.811" errors="0" timestamp="2024-06-04T22:58:57 IST" skipped="0">
  <testcase classname="crossbrowser.CommonUtils" name="cambridgeLogin" time="4.414"/>
  <system-out/>
  <testcase classname="crossbrowser.CommonUtils" name="Material" time="95.004"/>
  <system-out/>
  <testcase classname="crossbrowser.CommonUtils" name="ClickingonLessons" time="14106.393"/>
  <system-out/>
</testsuite> <!-- crossbrowser.CommonUtils -->
